# JRE version: OpenJDK Runtime Environment (9.0+181) (build 9+181)
# Java VM: OpenJDK 64-Bit Server VM (9+181, mixed mode, tiered, compressed oops, g1 gc, linux-amd64)
Heap:
 garbage-first heap   total 393216K, used 7058K [0x00000000c5400000, 0x00000000c5500c00, 0x0000000100000000)
  region size 1024K, 1 young (1024K), 1 survivors (1024K)
 Metaspace       used 18300K, capacity 19164K, committed 19328K, reserved 1067008K
  class space    used 1684K, capacity 1856K, committed 1920K, reserved 1048576K
GC Heap History (10 events):
Event: 490.809 GC heap after
{Heap after GC invocations=38 (full 0):
 garbage-first heap   total 131072K, used 7008K [0x00000000c5400000, 0x00000000c5500400, 0x0000000100000000)
  region size 1024K, 1 young (1024K), 1 survivors (1024K)
 Metaspace       used 18298K, capacity 19164K, committed 19328K, reserved 1067008K
  class space    used 1684K, capacity 1856K, committed 1920K, reserved 1048576K
}
Event: 495.256 GC heap before
{Heap before GC invocations=38 (full 0):
 garbage-first heap   total 131072K, used 12128K [0x00000000c5400000, 0x00000000c5500400, 0x0000000100000000)
  region size 1024K, 6 young (6144K), 1 survivors (1024K)
 Metaspace       used 18298K, capacity 19164K, committed 19328K, reserved 1067008K
  class space    used 1684K, capacity 1856K, committed 1920K, reserved 1048576K
}
Event: 496.335 GC heap after
{Heap after GC invocations=39 (full 0):
 garbage-first heap   total 131072K, used 7028K [0x00000000c5400000, 0x00000000c5500400, 0x0000000100000000)
  region size 1024K, 1 young (1024K), 1 survivors (1024K)
 Metaspace       used 18298K, capacity 19164K, committed 19328K, reserved 1067008K
  class space    used 1684K, capacity 1856K, committed 1920K, reserved 1048576K
}
Event: 505.869 GC heap before
{Heap before GC invocations=39 (full 0):
 garbage-first heap   total 131072K, used 12148K [0x00000000c5400000, 0x00000000c5500400, 0x0000000100000000)
  region size 1024K, 6 young (6144K), 1 survivors (1024K)
 Metaspace       used 18299K, capacity 19164K, committed 19328K, reserved 1067008K
  class space    used 1684K, capacity 1856K, committed 1920K, reserved 1048576K
}
Event: 518.051 GC heap after
{Heap after GC invocations=40 (full 0):
 garbage-first heap   total 131072K, used 7183K [0x00000000c5400000, 0x00000000c5500400, 0x0000000100000000)
  region size 1024K, 1 young (1024K), 1 survivors (1024K)
 Metaspace       used 18299K, capacity 19164K, committed 19328K, reserved 1067008K
  class space    used 1684K, capacity 1856K, committed 1920K, reserved 1048576K
}
Event: 547.705 GC heap before
{Heap before GC invocations=40 (full 0):
 garbage-first heap   total 131072K, used 12303K [0x00000000c5400000, 0x00000000c5500400, 0x0000000100000000)
  region size 1024K, 6 young (6144K), 1 survivors (1024K)
 Metaspace       used 18300K, capacity 19164K, committed 19328K, reserved 1067008K
  class space    used 1684K, capacity 1856K, committed 1920K, reserved 1048576K
}
Event: 559.119 GC heap after
{Heap after GC invocations=41 (full 0):
 garbage-first heap   total 131072K, used 7079K [0x00000000c5400000, 0x00000000c5500400, 0x0000000100000000)
  region size 1024K, 1 young (1024K), 1 survivors (1024K)
 Metaspace       used 18300K, capacity 19164K, committed 19328K, reserved 1067008K
  class space    used 1684K, capacity 1856K, committed 1920K, reserved 1048576K
}
Event: 615.183 GC heap before
{Heap before GC invocations=41 (full 0):
 garbage-first heap   total 131072K, used 12199K [0x00000000c5400000, 0x00000000c5500400, 0x0000000100000000)
  region size 1024K, 6 young (6144K), 1 survivors (1024K)
 Metaspace       used 18300K, capacity 19164K, committed 19328K, reserved 1067008K
  class space    used 1684K, capacity 1856K, committed 1920K, reserved 1048576K
}
Event: 617.265 GC heap after
{Heap after GC invocations=42 (full 0):
 garbage-first heap   total 131072K, used 7099K [0x00000000c5400000, 0x00000000c5500400, 0x0000000100000000)
  region size 1024K, 1 young (1024K), 1 survivors (1024K)
 Metaspace       used 18300K, capacity 19164K, committed 19328K, reserved 1067008K
  class space    used 1684K, capacity 1856K, committed 1920K, reserved 1048576K
}
Event: 620.084 GC heap before
{Heap before GC invocations=42 (full 0):
 garbage-first heap   total 131072K, used 12219K [0x00000000c5400000, 0x00000000c5500400, 0x0000000100000000)
  region size 1024K, 6 young (6144K), 1 survivors (1024K)
 Metaspace       used 18300K, capacity 19164K, committed 19328K, reserved 1067008K
  class space    used 1684K, capacity 1856K, committed 1920K, reserved 1048576K
}

