# JRE version: OpenJDK Runtime Environment (9.0+181) (build 9+181)
# Java VM: OpenJDK 64-Bit Server VM (9+181, mixed mode, tiered, compressed oops, g1 gc, linux-amd64)
Heap:
 garbage-first heap   total 153600K, used 6538K [0x00000000c5400000, 0x00000000c55004b0, 0x0000000100000000)
  region size 1024K, 1 young (1024K), 1 survivors (1024K)
 Metaspace       used 18477K, capacity 19296K, committed 19584K, reserved 1067008K
  class space    used 1693K, capacity 1856K, committed 1920K, reserved 1048576K
GC Heap History (10 events):
Event: 57746.858 GC heap after
{Heap after GC invocations=1518 (full 0):
 garbage-first heap   total 61440K, used 6624K [0x00000000c5400000, 0x00000000c55001e0, 0x0000000100000000)
  region size 1024K, 1 young (1024K), 1 survivors (1024K)
 Metaspace       used 18477K, capacity 19296K, committed 19584K, reserved 1067008K
  class space    used 1693K, capacity 1856K, committed 1920K, reserved 1048576K
}
Event: 57750.207 GC heap before
{Heap before GC invocations=1518 (full 0):
 garbage-first heap   total 61440K, used 8672K [0x00000000c5400000, 0x00000000c55001e0, 0x0000000100000000)
  region size 1024K, 3 young (3072K), 1 survivors (1024K)
 Metaspace       used 18477K, capacity 19296K, committed 19584K, reserved 1067008K
  class space    used 1693K, capacity 1856K, committed 1920K, reserved 1048576K
}
Event: 57750.208 GC heap after
{Heap after GC invocations=1519 (full 0):
 garbage-first heap   total 61440K, used 6482K [0x00000000c5400000, 0x00000000c55001e0, 0x0000000100000000)
  region size 1024K, 1 young (1024K), 1 survivors (1024K)
 Metaspace       used 18477K, capacity 19296K, committed 19584K, reserved 1067008K
  class space    used 1693K, capacity 1856K, committed 1920K, reserved 1048576K
}
Event: 57752.546 GC heap before
{Heap before GC invocations=1519 (full 0):
 garbage-first heap   total 61440K, used 8530K [0x00000000c5400000, 0x00000000c55001e0, 0x0000000100000000)
  region size 1024K, 3 young (3072K), 1 survivors (1024K)
 Metaspace       used 18477K, capacity 19296K, committed 19584K, reserved 1067008K
  class space    used 1693K, capacity 1856K, committed 1920K, reserved 1048576K
}
Event: 57752.547 GC heap after
{Heap after GC invocations=1520 (full 0):
 garbage-first heap   total 61440K, used 6520K [0x00000000c5400000, 0x00000000c55001e0, 0x0000000100000000)
  region size 1024K, 1 young (1024K), 1 survivors (1024K)
 Metaspace       used 18477K, capacity 19296K, committed 19584K, reserved 1067008K
  class space    used 1693K, capacity 1856K, committed 1920K, reserved 1048576K
}
Event: 57752.642 GC heap before
{Heap before GC invocations=1520 (full 0):
 garbage-first heap   total 61440K, used 8568K [0x00000000c5400000, 0x00000000c55001e0, 0x0000000100000000)
  region size 1024K, 3 young (3072K), 1 survivors (1024K)
 Metaspace       used 18477K, capacity 19296K, committed 19584K, reserved 1067008K
  class space    used 1693K, capacity 1856K, committed 1920K, reserved 1048576K
}
Event: 57752.643 GC heap after
{Heap after GC invocations=1521 (full 0):
 garbage-first heap   total 61440K, used 6624K [0x00000000c5400000, 0x00000000c55001e0, 0x0000000100000000)
  region size 1024K, 1 young (1024K), 1 survivors (1024K)
 Metaspace       used 18477K, capacity 19296K, committed 19584K, reserved 1067008K
  class space    used 1693K, capacity 1856K, committed 1920K, reserved 1048576K
}
Event: 57755.133 GC heap before
{Heap before GC invocations=1521 (full 0):
 garbage-first heap   total 61440K, used 8672K [0x00000000c5400000, 0x00000000c55001e0, 0x0000000100000000)
  region size 1024K, 3 young (3072K), 1 survivors (1024K)
 Metaspace       used 18477K, capacity 19296K, committed 19584K, reserved 1067008K
  class space    used 1693K, capacity 1856K, committed 1920K, reserved 1048576K
}
Event: 57755.135 GC heap after
{Heap after GC invocations=1522 (full 0):
 garbage-first heap   total 61440K, used 6484K [0x00000000c5400000, 0x00000000c55001e0, 0x0000000100000000)
  region size 1024K, 1 young (1024K), 1 survivors (1024K)
 Metaspace       used 18477K, capacity 19296K, committed 19584K, reserved 1067008K
  class space    used 1693K, capacity 1856K, committed 1920K, reserved 1048576K
}
Event: 57758.214 GC heap before
{Heap before GC invocations=1522 (full 0):
 garbage-first heap   total 61440K, used 8532K [0x00000000c5400000, 0x00000000c55001e0, 0x0000000100000000)
  region size 1024K, 3 young (3072K), 1 survivors (1024K)
 Metaspace       used 18477K, capacity 19296K, committed 19584K, reserved 1067008K
  class space    used 1693K, capacity 1856K, committed 1920K, reserved 1048576K
}

