# JRE version: OpenJDK Runtime Environment (9.0+181) (build 9+181)
# Java VM: OpenJDK 64-Bit Server VM (9+181, mixed mode, tiered, compressed oops, g1 gc, linux-amd64)
Heap:
 garbage-first heap   total 221184K, used 7792K [0x00000000c5400000, 0x00000000c55006c0, 0x0000000100000000)
  region size 1024K, 1 young (1024K), 1 survivors (1024K)
 Metaspace       used 18340K, capacity 19232K, committed 19584K, reserved 1067008K
  class space    used 1678K, capacity 1856K, committed 1920K, reserved 1048576K
GC Heap History (10 events):
Event: 9853.014 GC heap after
{Heap after GC invocations=452 (full 0):
 garbage-first heap   total 73728K, used 8793K [0x00000000c5400000, 0x00000000c5500240, 0x0000000100000000)
  region size 1024K, 3 young (3072K), 3 survivors (3072K)
 Metaspace       used 18339K, capacity 19228K, committed 19584K, reserved 1067008K
  class space    used 1678K, capacity 1856K, committed 1920K, reserved 1048576K
}
Event: 9888.084 GC heap before
{Heap before GC invocations=452 (full 0):
 garbage-first heap   total 73728K, used 49753K [0x00000000c5400000, 0x00000000c5500240, 0x0000000100000000)
  region size 1024K, 43 young (44032K), 3 survivors (3072K)
 Metaspace       used 18340K, capacity 19232K, committed 19584K, reserved 1067008K
  class space    used 1678K, capacity 1856K, committed 1920K, reserved 1048576K
}
Event: 9888.410 GC heap after
{Heap after GC invocations=453 (full 0):
 garbage-first heap   total 73728K, used 8729K [0x00000000c5400000, 0x00000000c5500240, 0x0000000100000000)
  region size 1024K, 3 young (3072K), 3 survivors (3072K)
 Metaspace       used 18340K, capacity 19232K, committed 19584K, reserved 1067008K
  class space    used 1678K, capacity 1856K, committed 1920K, reserved 1048576K
}
Event: 9906.086 GC heap before
{Heap before GC invocations=453 (full 0):
 garbage-first heap   total 73728K, used 49689K [0x00000000c5400000, 0x00000000c5500240, 0x0000000100000000)
  region size 1024K, 43 young (44032K), 3 survivors (3072K)
 Metaspace       used 18340K, capacity 19232K, committed 19584K, reserved 1067008K
  class space    used 1678K, capacity 1856K, committed 1920K, reserved 1048576K
}
Event: 9913.628 GC heap after
{Heap after GC invocations=454 (full 0):
 garbage-first heap   total 73728K, used 9133K [0x00000000c5400000, 0x00000000c5500240, 0x0000000100000000)
  region size 1024K, 3 young (3072K), 3 survivors (3072K)
 Metaspace       used 18340K, capacity 19232K, committed 19584K, reserved 1067008K
  class space    used 1678K, capacity 1856K, committed 1920K, reserved 1048576K
}
Event: 9918.697 GC heap before
{Heap before GC invocations=454 (full 0):
 garbage-first heap   total 73728K, used 10157K [0x00000000c5400000, 0x00000000c5500240, 0x0000000100000000)
  region size 1024K, 4 young (4096K), 3 survivors (3072K)
 Metaspace       used 18340K, capacity 19232K, committed 19584K, reserved 1067008K
  class space    used 1678K, capacity 1856K, committed 1920K, reserved 1048576K
}
Event: 9942.885 GC heap after
{Heap after GC invocations=455 (full 0):
 garbage-first heap   total 73728K, used 8065K [0x00000000c5400000, 0x00000000c5500240, 0x0000000100000000)
  region size 1024K, 1 young (1024K), 1 survivors (1024K)
 Metaspace       used 18340K, capacity 19232K, committed 19584K, reserved 1067008K
  class space    used 1678K, capacity 1856K, committed 1920K, reserved 1048576K
}
Event: 9948.708 GC heap before
{Heap before GC invocations=455 (full 0):
 garbage-first heap   total 73728K, used 10113K [0x00000000c5400000, 0x00000000c5500240, 0x0000000100000000)
  region size 1024K, 3 young (3072K), 1 survivors (1024K)
 Metaspace       used 18340K, capacity 19232K, committed 19584K, reserved 1067008K
  class space    used 1678K, capacity 1856K, committed 1920K, reserved 1048576K
}
Event: 9957.869 GC heap after
{Heap after GC invocations=456 (full 0):
 garbage-first heap   total 73728K, used 7935K [0x00000000c5400000, 0x00000000c5500240, 0x0000000100000000)
  region size 1024K, 1 young (1024K), 1 survivors (1024K)
 Metaspace       used 18340K, capacity 19232K, committed 19584K, reserved 1067008K
  class space    used 1678K, capacity 1856K, committed 1920K, reserved 1048576K
}
Event: 10192.226 GC heap before
{Heap before GC invocations=456 (full 0):
 garbage-first heap   total 73728K, used 9983K [0x00000000c5400000, 0x00000000c5500240, 0x0000000100000000)
  region size 1024K, 3 young (3072K), 1 survivors (1024K)
 Metaspace       used 18340K, capacity 19232K, committed 19584K, reserved 1067008K
  class space    used 1678K, capacity 1856K, committed 1920K, reserved 1048576K
}

