# JRE version: OpenJDK Runtime Environment (9.0+181) (build 9+181)
# Java VM: OpenJDK 64-Bit Server VM (9+181, mixed mode, tiered, compressed oops, g1 gc, linux-amd64)
Heap:
 garbage-first heap   total 366592K, used 6849K [0x00000000c5400000, 0x00000000c5500b30, 0x0000000100000000)
  region size 1024K, 1 young (1024K), 1 survivors (1024K)
 Metaspace       used 18517K, capacity 19360K, committed 19584K, reserved 1067008K
  class space    used 1693K, capacity 1856K, committed 1920K, reserved 1048576K
GC Heap History (10 events):
Event: 178703.325 GC heap after
{Heap after GC invocations=16719 (full 0):
 garbage-first heap   total 138240K, used 6908K [0x00000000c5400000, 0x00000000c5500438, 0x0000000100000000)
  region size 1024K, 1 young (1024K), 1 survivors (1024K)
 Metaspace       used 18517K, capacity 19360K, committed 19584K, reserved 1067008K
  class space    used 1693K, capacity 1856K, committed 1920K, reserved 1048576K
}
Event: 178704.293 GC heap before
{Heap before GC invocations=16719 (full 0):
 garbage-first heap   total 138240K, used 12028K [0x00000000c5400000, 0x00000000c5500438, 0x0000000100000000)
  region size 1024K, 6 young (6144K), 1 survivors (1024K)
 Metaspace       used 18517K, capacity 19360K, committed 19584K, reserved 1067008K
  class space    used 1693K, capacity 1856K, committed 1920K, reserved 1048576K
}
Event: 178704.294 GC heap after
{Heap after GC invocations=16720 (full 0):
 garbage-first heap   total 138240K, used 6833K [0x00000000c5400000, 0x00000000c5500438, 0x0000000100000000)
  region size 1024K, 1 young (1024K), 1 survivors (1024K)
 Metaspace       used 18517K, capacity 19360K, committed 19584K, reserved 1067008K
  class space    used 1693K, capacity 1856K, committed 1920K, reserved 1048576K
}
Event: 178706.227 GC heap before
{Heap before GC invocations=16720 (full 0):
 garbage-first heap   total 138240K, used 17073K [0x00000000c5400000, 0x00000000c5500438, 0x0000000100000000)
  region size 1024K, 11 young (11264K), 1 survivors (1024K)
 Metaspace       used 18517K, capacity 19360K, committed 19584K, reserved 1067008K
  class space    used 1693K, capacity 1856K, committed 1920K, reserved 1048576K
}
Event: 178706.229 GC heap after
{Heap after GC invocations=16721 (full 0):
 garbage-first heap   total 138240K, used 6929K [0x00000000c5400000, 0x00000000c5500438, 0x0000000100000000)
  region size 1024K, 1 young (1024K), 1 survivors (1024K)
 Metaspace       used 18517K, capacity 19360K, committed 19584K, reserved 1067008K
  class space    used 1693K, capacity 1856K, committed 1920K, reserved 1048576K
}
Event: 178719.590 GC heap before
{Heap before GC invocations=16721 (full 0):
 garbage-first heap   total 138240K, used 43793K [0x00000000c5400000, 0x00000000c5500438, 0x0000000100000000)
  region size 1024K, 37 young (37888K), 1 survivors (1024K)
 Metaspace       used 18517K, capacity 19360K, committed 19584K, reserved 1067008K
  class space    used 1693K, capacity 1856K, committed 1920K, reserved 1048576K
}
Event: 178724.994 GC heap after
{Heap after GC invocations=16722 (full 0):
 garbage-first heap   total 138240K, used 8125K [0x00000000c5400000, 0x00000000c5500438, 0x0000000100000000)
  region size 1024K, 2 young (2048K), 2 survivors (2048K)
 Metaspace       used 18517K, capacity 19360K, committed 19584K, reserved 1067008K
  class space    used 1693K, capacity 1856K, committed 1920K, reserved 1048576K
}
Event: 178730.317 GC heap before
{Heap before GC invocations=16722 (full 0):
 garbage-first heap   total 138240K, used 12221K [0x00000000c5400000, 0x00000000c5500438, 0x0000000100000000)
  region size 1024K, 6 young (6144K), 2 survivors (2048K)
 Metaspace       used 18517K, capacity 19360K, committed 19584K, reserved 1067008K
  class space    used 1693K, capacity 1856K, committed 1920K, reserved 1048576K
}
Event: 178730.555 GC heap after
{Heap after GC invocations=16723 (full 0):
 garbage-first heap   total 138240K, used 6754K [0x00000000c5400000, 0x00000000c5500438, 0x0000000100000000)
  region size 1024K, 1 young (1024K), 1 survivors (1024K)
 Metaspace       used 18517K, capacity 19360K, committed 19584K, reserved 1067008K
  class space    used 1693K, capacity 1856K, committed 1920K, reserved 1048576K
}
Event: 178731.434 GC heap before
{Heap before GC invocations=16723 (full 0):
 garbage-first heap   total 138240K, used 11874K [0x00000000c5400000, 0x00000000c5500438, 0x0000000100000000)
  region size 1024K, 6 young (6144K), 1 survivors (1024K)
 Metaspace       used 18517K, capacity 19360K, committed 19584K, reserved 1067008K
  class space    used 1693K, capacity 1856K, committed 1920K, reserved 1048576K
}

