# JRE version: OpenJDK Runtime Environment (9.0+181) (build 9+181)
# Java VM: OpenJDK 64-Bit Server VM (9+181, mixed mode, tiered, compressed oops, g1 gc, linux-amd64)
Heap:
 garbage-first heap   total 241664K, used 9567K [0x00000000c5400000, 0x00000000c5500760, 0x0000000100000000)
  region size 1024K, 1 young (1024K), 1 survivors (1024K)
 Metaspace       used 18387K, capacity 19260K, committed 19328K, reserved 1067008K
  class space    used 1696K, capacity 1888K, committed 1920K, reserved 1048576K
GC Heap History (10 events):
Event: 25484.862 GC heap after
{Heap after GC invocations=627 (full 0):
 garbage-first heap   total 89088K, used 9795K [0x00000000c5400000, 0x00000000c55002b8, 0x0000000100000000)
  region size 1024K, 1 young (1024K), 1 survivors (1024K)
 Metaspace       used 18387K, capacity 19260K, committed 19328K, reserved 1067008K
  class space    used 1696K, capacity 1888K, committed 1920K, reserved 1048576K
}
Event: 25523.551 GC heap before
{Heap before GC invocations=627 (full 0):
 garbage-first heap   total 89088K, used 12867K [0x00000000c5400000, 0x00000000c55002b8, 0x0000000100000000)
  region size 1024K, 4 young (4096K), 1 survivors (1024K)
 Metaspace       used 18387K, capacity 19260K, committed 19328K, reserved 1067008K
  class space    used 1696K, capacity 1888K, committed 1920K, reserved 1048576K
}
Event: 25532.422 GC heap after
{Heap after GC invocations=628 (full 0):
 garbage-first heap   total 89088K, used 9697K [0x00000000c5400000, 0x00000000c55002b8, 0x0000000100000000)
  region size 1024K, 1 young (1024K), 1 survivors (1024K)
 Metaspace       used 18387K, capacity 19260K, committed 19328K, reserved 1067008K
  class space    used 1696K, capacity 1888K, committed 1920K, reserved 1048576K
}
Event: 25614.176 GC heap before
{Heap before GC invocations=628 (full 0):
 garbage-first heap   total 89088K, used 12769K [0x00000000c5400000, 0x00000000c55002b8, 0x0000000100000000)
  region size 1024K, 4 young (4096K), 1 survivors (1024K)
 Metaspace       used 18387K, capacity 19260K, committed 19328K, reserved 1067008K
  class space    used 1696K, capacity 1888K, committed 1920K, reserved 1048576K
}
Event: 25675.723 GC heap after
{Heap after GC invocations=629 (full 0):
 garbage-first heap   total 89088K, used 9590K [0x00000000c5400000, 0x00000000c55002b8, 0x0000000100000000)
  region size 1024K, 1 young (1024K), 1 survivors (1024K)
 Metaspace       used 18387K, capacity 19260K, committed 19328K, reserved 1067008K
  class space    used 1696K, capacity 1888K, committed 1920K, reserved 1048576K
}
Event: 25754.382 GC heap before
{Heap before GC invocations=629 (full 0):
 garbage-first heap   total 89088K, used 12662K [0x00000000c5400000, 0x00000000c55002b8, 0x0000000100000000)
  region size 1024K, 4 young (4096K), 1 survivors (1024K)
 Metaspace       used 18387K, capacity 19260K, committed 19328K, reserved 1067008K
  class space    used 1696K, capacity 1888K, committed 1920K, reserved 1048576K
}
Event: 25756.183 GC heap after
{Heap after GC invocations=630 (full 0):
 garbage-first heap   total 89088K, used 9568K [0x00000000c5400000, 0x00000000c55002b8, 0x0000000100000000)
  region size 1024K, 1 young (1024K), 1 survivors (1024K)
 Metaspace       used 18387K, capacity 19260K, committed 19328K, reserved 1067008K
  class space    used 1696K, capacity 1888K, committed 1920K, reserved 1048576K
}
Event: 25804.815 GC heap before
{Heap before GC invocations=630 (full 0):
 garbage-first heap   total 89088K, used 12640K [0x00000000c5400000, 0x00000000c55002b8, 0x0000000100000000)
  region size 1024K, 4 young (4096K), 1 survivors (1024K)
 Metaspace       used 18387K, capacity 19260K, committed 19328K, reserved 1067008K
  class space    used 1696K, capacity 1888K, committed 1920K, reserved 1048576K
}
Event: 25808.398 GC heap after
{Heap after GC invocations=631 (full 0):
 garbage-first heap   total 89088K, used 9566K [0x00000000c5400000, 0x00000000c55002b8, 0x0000000100000000)
  region size 1024K, 1 young (1024K), 1 survivors (1024K)
 Metaspace       used 18387K, capacity 19260K, committed 19328K, reserved 1067008K
  class space    used 1696K, capacity 1888K, committed 1920K, reserved 1048576K
}
Event: 25853.594 GC heap before
{Heap before GC invocations=631 (full 0):
 garbage-first heap   total 89088K, used 12638K [0x00000000c5400000, 0x00000000c55002b8, 0x0000000100000000)
  region size 1024K, 4 young (4096K), 1 survivors (1024K)
 Metaspace       used 18387K, capacity 19260K, committed 19328K, reserved 1067008K
  class space    used 1696K, capacity 1888K, committed 1920K, reserved 1048576K
}

