# JRE version: OpenJDK Runtime Environment (9.0+181) (build 9+181)
# Java VM: OpenJDK 64-Bit Server VM (9+181, mixed mode, tiered, compressed oops, g1 gc, linux-amd64)
Heap:
 garbage-first heap   total 420864K, used 13261K [0x00000000c5400000, 0x00000000c5500cd8, 0x0000000100000000)
  region size 1024K, 1 young (1024K), 1 survivors (1024K)
 Metaspace       used 21262K, capacity 22104K, committed 22320K, reserved 1069056K
  class space    used 1860K, capacity 2058K, committed 2176K, reserved 1048576K
GC Heap History (10 events):
Event: 73829.501 GC heap after
{Heap after GC invocations=10065 (full 0):
 garbage-first heap   total 322560K, used 13454K [0x00000000c5400000, 0x00000000c55009d8, 0x0000000100000000)
  region size 1024K, 2 young (2048K), 2 survivors (2048K)
 Metaspace       used 21262K, capacity 22104K, committed 22320K, reserved 1069056K
  class space    used 1860K, capacity 2058K, committed 2176K, reserved 1048576K
}
Event: 73832.011 GC heap before
{Heap before GC invocations=10065 (full 0):
 garbage-first heap   total 322560K, used 26766K [0x00000000c5400000, 0x00000000c55009d8, 0x0000000100000000)
  region size 1024K, 15 young (15360K), 2 survivors (2048K)
 Metaspace       used 21262K, capacity 22104K, committed 22320K, reserved 1069056K
  class space    used 1860K, capacity 2058K, committed 2176K, reserved 1048576K
}
Event: 73832.013 GC heap after
{Heap after GC invocations=10066 (full 0):
 garbage-first heap   total 322560K, used 13223K [0x00000000c5400000, 0x00000000c55009d8, 0x0000000100000000)
  region size 1024K, 1 young (1024K), 1 survivors (1024K)
 Metaspace       used 21262K, capacity 22104K, committed 22320K, reserved 1069056K
  class space    used 1860K, capacity 2058K, committed 2176K, reserved 1048576K
}
Event: 73834.894 GC heap before
{Heap before GC invocations=10066 (full 0):
 garbage-first heap   total 322560K, used 27559K [0x00000000c5400000, 0x00000000c55009d8, 0x0000000100000000)
  region size 1024K, 15 young (15360K), 1 survivors (1024K)
 Metaspace       used 21262K, capacity 22104K, committed 22320K, reserved 1069056K
  class space    used 1860K, capacity 2058K, committed 2176K, reserved 1048576K
}
Event: 73834.898 GC heap after
{Heap after GC invocations=10067 (full 0):
 garbage-first heap   total 322560K, used 13288K [0x00000000c5400000, 0x00000000c55009d8, 0x0000000100000000)
  region size 1024K, 1 young (1024K), 1 survivors (1024K)
 Metaspace       used 21262K, capacity 22104K, committed 22320K, reserved 1069056K
  class space    used 1860K, capacity 2058K, committed 2176K, reserved 1048576K
}
Event: 73837.926 GC heap before
{Heap before GC invocations=10067 (full 0):
 garbage-first heap   total 322560K, used 27624K [0x00000000c5400000, 0x00000000c55009d8, 0x0000000100000000)
  region size 1024K, 15 young (15360K), 1 survivors (1024K)
 Metaspace       used 21262K, capacity 22104K, committed 22320K, reserved 1069056K
  class space    used 1860K, capacity 2058K, committed 2176K, reserved 1048576K
}
Event: 73837.930 GC heap after
{Heap after GC invocations=10068 (full 0):
 garbage-first heap   total 322560K, used 13288K [0x00000000c5400000, 0x00000000c55009d8, 0x0000000100000000)
  region size 1024K, 1 young (1024K), 1 survivors (1024K)
 Metaspace       used 21262K, capacity 22104K, committed 22320K, reserved 1069056K
  class space    used 1860K, capacity 2058K, committed 2176K, reserved 1048576K
}
Event: 73840.895 GC heap before
{Heap before GC invocations=10068 (full 0):
 garbage-first heap   total 322560K, used 27624K [0x00000000c5400000, 0x00000000c55009d8, 0x0000000100000000)
  region size 1024K, 15 young (15360K), 1 survivors (1024K)
 Metaspace       used 21262K, capacity 22104K, committed 22320K, reserved 1069056K
  class space    used 1860K, capacity 2058K, committed 2176K, reserved 1048576K
}
Event: 73840.899 GC heap after
{Heap after GC invocations=10069 (full 0):
 garbage-first heap   total 322560K, used 13315K [0x00000000c5400000, 0x00000000c55009d8, 0x0000000100000000)
  region size 1024K, 1 young (1024K), 1 survivors (1024K)
 Metaspace       used 21262K, capacity 22104K, committed 22320K, reserved 1069056K
  class space    used 1860K, capacity 2058K, committed 2176K, reserved 1048576K
}
Event: 73843.471 GC heap before
{Heap before GC invocations=10069 (full 0):
 garbage-first heap   total 322560K, used 27651K [0x00000000c5400000, 0x00000000c55009d8, 0x0000000100000000)
  region size 1024K, 15 young (15360K), 1 survivors (1024K)
 Metaspace       used 21262K, capacity 22104K, committed 22320K, reserved 1069056K
  class space    used 1860K, capacity 2058K, committed 2176K, reserved 1048576K
}

