# JRE version: OpenJDK Runtime Environment (9.0+181) (build 9+181)
# Java VM: OpenJDK 64-Bit Server VM (9+181, mixed mode, tiered, compressed oops, g1 gc, linux-amd64)
Heap:
 garbage-first heap   total 159744K, used 7777K [0x00000000c5400000, 0x00000000c55004e0, 0x0000000100000000)
  region size 1024K, 1 young (1024K), 1 survivors (1024K)
 Metaspace       used 18466K, capacity 19296K, committed 19584K, reserved 1067008K
  class space    used 1686K, capacity 1856K, committed 1920K, reserved 1048576K
GC Heap History (10 events):
Event: 45443.453 GC heap after
{Heap after GC invocations=1770 (full 0):
 garbage-first heap   total 79872K, used 7524K [0x00000000c5400000, 0x00000000c5500270, 0x0000000100000000)
  region size 1024K, 1 young (1024K), 1 survivors (1024K)
 Metaspace       used 18466K, capacity 19296K, committed 19584K, reserved 1067008K
  class space    used 1686K, capacity 1856K, committed 1920K, reserved 1048576K
}
Event: 45452.197 GC heap before
{Heap before GC invocations=1770 (full 0):
 garbage-first heap   total 79872K, used 9572K [0x00000000c5400000, 0x00000000c5500270, 0x0000000100000000)
  region size 1024K, 3 young (3072K), 1 survivors (1024K)
 Metaspace       used 18466K, capacity 19296K, committed 19584K, reserved 1067008K
  class space    used 1686K, capacity 1856K, committed 1920K, reserved 1048576K
}
Event: 45456.501 GC heap after
{Heap after GC invocations=1771 (full 0):
 garbage-first heap   total 79872K, used 7525K [0x00000000c5400000, 0x00000000c5500270, 0x0000000100000000)
  region size 1024K, 1 young (1024K), 1 survivors (1024K)
 Metaspace       used 18466K, capacity 19296K, committed 19584K, reserved 1067008K
  class space    used 1686K, capacity 1856K, committed 1920K, reserved 1048576K
}
Event: 45457.181 GC heap before
{Heap before GC invocations=1771 (full 0):
 garbage-first heap   total 79872K, used 9573K [0x00000000c5400000, 0x00000000c5500270, 0x0000000100000000)
  region size 1024K, 3 young (3072K), 1 survivors (1024K)
 Metaspace       used 18466K, capacity 19296K, committed 19584K, reserved 1067008K
  class space    used 1686K, capacity 1856K, committed 1920K, reserved 1048576K
}
Event: 45457.182 GC heap after
{Heap after GC invocations=1772 (full 0):
 garbage-first heap   total 79872K, used 7665K [0x00000000c5400000, 0x00000000c5500270, 0x0000000100000000)
  region size 1024K, 1 young (1024K), 1 survivors (1024K)
 Metaspace       used 18466K, capacity 19296K, committed 19584K, reserved 1067008K
  class space    used 1686K, capacity 1856K, committed 1920K, reserved 1048576K
}
Event: 45460.764 GC heap before
{Heap before GC invocations=1772 (full 0):
 garbage-first heap   total 79872K, used 9713K [0x00000000c5400000, 0x00000000c5500270, 0x0000000100000000)
  region size 1024K, 3 young (3072K), 1 survivors (1024K)
 Metaspace       used 18466K, capacity 19296K, committed 19584K, reserved 1067008K
  class space    used 1686K, capacity 1856K, committed 1920K, reserved 1048576K
}
Event: 45462.179 GC heap after
{Heap after GC invocations=1773 (full 0):
 garbage-first heap   total 79872K, used 7496K [0x00000000c5400000, 0x00000000c5500270, 0x0000000100000000)
  region size 1024K, 1 young (1024K), 1 survivors (1024K)
 Metaspace       used 18466K, capacity 19296K, committed 19584K, reserved 1067008K
  class space    used 1686K, capacity 1856K, committed 1920K, reserved 1048576K
}
Event: 45480.732 GC heap before
{Heap before GC invocations=1773 (full 0):
 garbage-first heap   total 79872K, used 10568K [0x00000000c5400000, 0x00000000c5500270, 0x0000000100000000)
  region size 1024K, 4 young (4096K), 1 survivors (1024K)
 Metaspace       used 18466K, capacity 19296K, committed 19584K, reserved 1067008K
  class space    used 1686K, capacity 1856K, committed 1920K, reserved 1048576K
}
Event: 45480.924 GC heap after
{Heap after GC invocations=1774 (full 0):
 garbage-first heap   total 79872K, used 7685K [0x00000000c5400000, 0x00000000c5500270, 0x0000000100000000)
  region size 1024K, 1 young (1024K), 1 survivors (1024K)
 Metaspace       used 18466K, capacity 19296K, committed 19584K, reserved 1067008K
  class space    used 1686K, capacity 1856K, committed 1920K, reserved 1048576K
}
Event: 45483.841 GC heap before
{Heap before GC invocations=1774 (full 0):
 garbage-first heap   total 79872K, used 14853K [0x00000000c5400000, 0x00000000c5500270, 0x0000000100000000)
  region size 1024K, 8 young (8192K), 1 survivors (1024K)
 Metaspace       used 18466K, capacity 19296K, committed 19584K, reserved 1067008K
  class space    used 1686K, capacity 1856K, committed 1920K, reserved 1048576K
}

